Detecting C compiler ABI info failed to compile with the following output:
Change Dir: /vol1/1000/项目/esp32BmsGps/output/esp32-wroom-32e-legacy/idf-build/CMakeFiles/CMakeScratch/TryCompile-7VEOD7

Run Build Command(s):/home/wintsa/.espressif/tools/ninja/1.12.1/ninja cmTC_d1c32 && [1/2] Building C object CMakeFiles/cmTC_d1c32.dir/CMakeCCompilerABI.c.obj
FAILED: CMakeFiles/cmTC_d1c32.dir/CMakeCCompilerABI.c.obj 
/home/wintsa/.espressif/tools/xtensa-esp-elf/esp-15.2.0_20251204/xtensa-esp-elf/bin/xtensa-esp32-elf-gcc   @"/vol1/1000/项目/esp32BmsGps/output/esp32-wroom-32e-legacy/idf-build/toolchain/cflags"    -v -o CMakeFiles/cmTC_d1c32.dir/CMakeCCompilerABI.c.obj -c /usr/share/cmake-3.25/Modules/CMakeCCompilerABI.c
Using built-in specs.
Reading specs from /vol1/1000/
/esp32BmsGps/output/esp32-wroom-32e-legacy/idf-build/specs/picolibc.specs
xtensa-esp-elf-gcc: fatal error: cannot read spec file '/vol1/1000/\x0a/esp32BmsGps/output/esp32-wroom-32e-legacy/idf-build/specs/picolibc.specs': No such file or directory
compilation terminated.
ninja: build stopped: subcommand failed.




Detecting CXX compiler ABI info failed to compile with the following output:
Change Dir: /vol1/1000/项目/esp32BmsGps/output/esp32-wroom-32e-legacy/idf-build/CMakeFiles/CMakeScratch/TryCompile-wwqCep

Run Build Command(s):/home/wintsa/.espressif/tools/ninja/1.12.1/ninja cmTC_b0c4f && [1/2] Building CXX object CMakeFiles/cmTC_b0c4f.dir/CMakeCXXCompilerABI.cpp.obj
FAILED: CMakeFiles/cmTC_b0c4f.dir/CMakeCXXCompilerABI.cpp.obj 
/home/wintsa/.espressif/tools/xtensa-esp-elf/esp-15.2.0_20251204/xtensa-esp-elf/bin/xtensa-esp32-elf-g++   @"/vol1/1000/项目/esp32BmsGps/output/esp32-wroom-32e-legacy/idf-build/toolchain/cxxflags"    -v -o CMakeFiles/cmTC_b0c4f.dir/CMakeCXXCompilerABI.cpp.obj -c /usr/share/cmake-3.25/Modules/CMakeCXXCompilerABI.cpp
Using built-in specs.
Reading specs from /vol1/1000/
/esp32BmsGps/output/esp32-wroom-32e-legacy/idf-build/specs/picolibc.specs
xtensa-esp-elf-g++: fatal error: cannot read spec file '/vol1/1000/\x0a/esp32BmsGps/output/esp32-wroom-32e-legacy/idf-build/specs/picolibc.specs': No such file or directory
compilation terminated.
ninja: build stopped: subcommand failed.




Performing C SOURCE FILE Test CMAKE_HAVE_LIBC_PTHREAD failed with the following output:
Change Dir: /vol1/1000/项目/esp32BmsGps/output/esp32-wroom-32e-legacy/idf-build/CMakeFiles/CMakeScratch/TryCompile-gXvDXz

Run Build Command(s):/home/wintsa/.espressif/tools/ninja/1.12.1/ninja cmTC_25bec && [1/2] Building C object CMakeFiles/cmTC_25bec.dir/src.c.obj
FAILED: CMakeFiles/cmTC_25bec.dir/src.c.obj 
/home/wintsa/.espressif/tools/xtensa-esp-elf/esp-15.2.0_20251204/xtensa-esp-elf/bin/xtensa-esp32-elf-gcc -DCMAKE_HAVE_LIBC_PTHREAD  @"/vol1/1000/项目/esp32BmsGps/output/esp32-wroom-32e-legacy/idf-build/toolchain/cflags" -o CMakeFiles/cmTC_25bec.dir/src.c.obj -c '/vol1/1000/项目/esp32BmsGps/output/esp32-wroom-32e-legacy/idf-build/CMakeFiles/CMakeScratch/TryCompile-gXvDXz/src.c'
xtensa-esp-elf-gcc: fatal error: cannot read spec file '/vol1/1000/\x0a/esp32BmsGps/output/esp32-wroom-32e-legacy/idf-build/specs/picolibc.specs': No such file or directory
compilation terminated.
ninja: build stopped: subcommand failed.


Source file was:
#include <pthread.h>

static void* test_func(void* data)
{
  return data;
}

int main(void)
{
  pthread_t thread;
  pthread_create(&thread, NULL, test_func, NULL);
  pthread_detach(thread);
  pthread_cancel(thread);
  pthread_join(thread, NULL);
  pthread_atfork(NULL, NULL, NULL);
  pthread_exit(NULL);

  return 0;
}


Determining if the function pthread_create exists in the pthreads failed with the following output:
Change Dir: /vol1/1000/项目/esp32BmsGps/output/esp32-wroom-32e-legacy/idf-build/CMakeFiles/CMakeScratch/TryCompile-h1JLxD

Run Build Command(s):/home/wintsa/.espressif/tools/ninja/1.12.1/ninja cmTC_727fb && [1/2] Building C object CMakeFiles/cmTC_727fb.dir/CheckFunctionExists.c.obj
FAILED: CMakeFiles/cmTC_727fb.dir/CheckFunctionExists.c.obj 
/home/wintsa/.espressif/tools/xtensa-esp-elf/esp-15.2.0_20251204/xtensa-esp-elf/bin/xtensa-esp32-elf-gcc   @"/vol1/1000/项目/esp32BmsGps/output/esp32-wroom-32e-legacy/idf-build/toolchain/cflags" -DCHECK_FUNCTION_EXISTS=pthread_create -o CMakeFiles/cmTC_727fb.dir/CheckFunctionExists.c.obj -c '/vol1/1000/项目/esp32BmsGps/output/esp32-wroom-32e-legacy/idf-build/CMakeFiles/CMakeScratch/TryCompile-h1JLxD/CheckFunctionExists.c'
xtensa-esp-elf-gcc: fatal error: cannot read spec file '/vol1/1000/\x0a/esp32BmsGps/output/esp32-wroom-32e-legacy/idf-build/specs/picolibc.specs': No such file or directory
compilation terminated.
ninja: build stopped: subcommand failed.



Determining if the function pthread_create exists in the pthread failed with the following output:
Change Dir: /vol1/1000/项目/esp32BmsGps/output/esp32-wroom-32e-legacy/idf-build/CMakeFiles/CMakeScratch/TryCompile-2HbwyA

Run Build Command(s):/home/wintsa/.espressif/tools/ninja/1.12.1/ninja cmTC_2d2de && [1/2] Building C object CMakeFiles/cmTC_2d2de.dir/CheckFunctionExists.c.obj
FAILED: CMakeFiles/cmTC_2d2de.dir/CheckFunctionExists.c.obj 
/home/wintsa/.espressif/tools/xtensa-esp-elf/esp-15.2.0_20251204/xtensa-esp-elf/bin/xtensa-esp32-elf-gcc   @"/vol1/1000/项目/esp32BmsGps/output/esp32-wroom-32e-legacy/idf-build/toolchain/cflags" -DCHECK_FUNCTION_EXISTS=pthread_create -o CMakeFiles/cmTC_2d2de.dir/CheckFunctionExists.c.obj -c '/vol1/1000/项目/esp32BmsGps/output/esp32-wroom-32e-legacy/idf-build/CMakeFiles/CMakeScratch/TryCompile-2HbwyA/CheckFunctionExists.c'
xtensa-esp-elf-gcc: fatal error: cannot read spec file '/vol1/1000/\x0a/esp32BmsGps/output/esp32-wroom-32e-legacy/idf-build/specs/picolibc.specs': No such file or directory
compilation terminated.
ninja: build stopped: subcommand failed.



Determining if compiler accepts -pthread failed with the following output:
Change Dir: /vol1/1000/项目/esp32BmsGps/output/esp32-wroom-32e-legacy/idf-build/CMakeFiles/CMakeScratch/TryCompile-XDfyV2

Run Build Command(s):/home/wintsa/.espressif/tools/ninja/1.12.1/ninja cmTC_7e19a && [1/2] Building C object CMakeFiles/cmTC_7e19a.dir/CheckForPthreads.c.obj
FAILED: CMakeFiles/cmTC_7e19a.dir/CheckForPthreads.c.obj 
/home/wintsa/.espressif/tools/xtensa-esp-elf/esp-15.2.0_20251204/xtensa-esp-elf/bin/xtensa-esp32-elf-gcc   @"/vol1/1000/项目/esp32BmsGps/output/esp32-wroom-32e-legacy/idf-build/toolchain/cflags" -o CMakeFiles/cmTC_7e19a.dir/CheckForPthreads.c.obj -c '/vol1/1000/项目/esp32BmsGps/output/esp32-wroom-32e-legacy/idf-build/CMakeFiles/CMakeScratch/TryCompile-XDfyV2/CheckForPthreads.c'
xtensa-esp-elf-gcc: fatal error: cannot read spec file '/vol1/1000/\x0a/esp32BmsGps/output/esp32-wroom-32e-legacy/idf-build/specs/picolibc.specs': No such file or directory
compilation terminated.
ninja: build stopped: subcommand failed.



Performing C SOURCE FILE Test C_COMPILER_SUPPORTS_WFORMAT_SIGNEDNESS failed with the following output:
Change Dir: /vol1/1000/项目/esp32BmsGps/output/esp32-wroom-32e-legacy/idf-build/CMakeFiles/CMakeScratch/TryCompile-mo0Nu0

Run Build Command(s):/home/wintsa/.espressif/tools/ninja/1.12.1/ninja cmTC_fbc83 && [1/2] Building C object CMakeFiles/cmTC_fbc83.dir/src.c.obj
FAILED: CMakeFiles/cmTC_fbc83.dir/src.c.obj 
/home/wintsa/.espressif/tools/xtensa-esp-elf/esp-15.2.0_20251204/xtensa-esp-elf/bin/xtensa-esp32-elf-gcc -DC_COMPILER_SUPPORTS_WFORMAT_SIGNEDNESS  @"/vol1/1000/项目/esp32BmsGps/output/esp32-wroom-32e-legacy/idf-build/toolchain/cflags"    -Wformat-signedness -std=c2x -o CMakeFiles/cmTC_fbc83.dir/src.c.obj -c '/vol1/1000/项目/esp32BmsGps/output/esp32-wroom-32e-legacy/idf-build/CMakeFiles/CMakeScratch/TryCompile-mo0Nu0/src.c'
xtensa-esp-elf-gcc: fatal error: cannot read spec file '/vol1/1000/\x0a/esp32BmsGps/output/esp32-wroom-32e-legacy/idf-build/specs/picolibc.specs': No such file or directory
compilation terminated.
ninja: build stopped: subcommand failed.


Source file was:
int main(void) { return 0; }

