2026-07-19 14:05:28.611 [main] INFO  Freerouting v1.9.0 (build-date: 2023-10-30)
2026-07-19 14:05:28.662 [main] ERROR 
No X11 DISPLAY variable was set,
or no headful library support was found,
but this program performed an operation which requires it.
java.awt.HeadlessException: 
No X11 DISPLAY variable was set,
or no headful library support was found,
but this program performed an operation which requires it.
	at sun.awt.HeadlessToolkit.getScreenSize(HeadlessToolkit.java:186) ~[?:?]
	at app.freerouting.gui.MainApplication.main(MainApplication.java:269) ~[freerouting-1.9.0.jar:unspecified]
2026-07-19 14:05:28.685 [main] ERROR Exception in FRAnalytics.trackAnonymousAction: Cannot invoke "app.freerouting.management.SegmentClient.track(String, String, String, app.freerouting.management.segment.Properties)" because "app.freerouting.management.FRAnalytics.analytics" is null
java.lang.NullPointerException: Cannot invoke "app.freerouting.management.SegmentClient.track(String, String, String, app.freerouting.management.segment.Properties)" because "app.freerouting.management.FRAnalytics.analytics" is null
	at app.freerouting.management.FRAnalytics.trackAnonymousAction(FRAnalytics.java:139) [freerouting-1.9.0.jar:unspecified]
	at app.freerouting.management.FRAnalytics.exceptionThrown(FRAnalytics.java:323) [freerouting-1.9.0.jar:unspecified]
	at app.freerouting.gui.DefaultExceptionHandler.handleException(DefaultExceptionHandler.java:15) [freerouting-1.9.0.jar:unspecified]
	at app.freerouting.gui.DefaultExceptionHandler.uncaughtException(DefaultExceptionHandler.java:29) [freerouting-1.9.0.jar:unspecified]
	at java.lang.ThreadGroup.uncaughtException(ThreadGroup.java:1082) [?:?]
	at java.lang.ThreadGroup.uncaughtException(ThreadGroup.java:1077) [?:?]
	at java.lang.Thread.dispatchUncaughtException(Thread.java:2017) [?:?]
2026-07-19 14:07:45.017 [main] INFO  Freerouting v1.9.0 (build-date: 2023-10-30)
2026-07-19 14:07:45.043 [main] INFO  Settings were loaded from freerouting.json
2026-07-19 14:07:45.044 [main] ERROR 
No X11 DISPLAY variable was set,
or no headful library support was found,
but this program performed an operation which requires it.
java.awt.HeadlessException: 
No X11 DISPLAY variable was set,
or no headful library support was found,
but this program performed an operation which requires it.
	at sun.awt.HeadlessToolkit.getScreenSize(HeadlessToolkit.java:186) ~[?:?]
	at app.freerouting.gui.MainApplication.main(MainApplication.java:269) ~[freerouting-1.9.0.jar:unspecified]
2026-07-19 14:07:45.057 [main] ERROR Exception in FRAnalytics.trackAnonymousAction: Cannot invoke "app.freerouting.management.SegmentClient.track(String, String, String, app.freerouting.management.segment.Properties)" because "app.freerouting.management.FRAnalytics.analytics" is null
java.lang.NullPointerException: Cannot invoke "app.freerouting.management.SegmentClient.track(String, String, String, app.freerouting.management.segment.Properties)" because "app.freerouting.management.FRAnalytics.analytics" is null
	at app.freerouting.management.FRAnalytics.trackAnonymousAction(FRAnalytics.java:139) [freerouting-1.9.0.jar:unspecified]
	at app.freerouting.management.FRAnalytics.exceptionThrown(FRAnalytics.java:323) [freerouting-1.9.0.jar:unspecified]
	at app.freerouting.gui.DefaultExceptionHandler.handleException(DefaultExceptionHandler.java:15) [freerouting-1.9.0.jar:unspecified]
	at app.freerouting.gui.DefaultExceptionHandler.uncaughtException(DefaultExceptionHandler.java:29) [freerouting-1.9.0.jar:unspecified]
	at java.lang.ThreadGroup.uncaughtException(ThreadGroup.java:1082) [?:?]
	at java.lang.ThreadGroup.uncaughtException(ThreadGroup.java:1077) [?:?]
	at java.lang.Thread.dispatchUncaughtException(Thread.java:2017) [?:?]
2026-07-19 14:26:42.275 [main] INFO  Freerouting v1.9.0 (build-date: 2023-10-30)
2026-07-19 14:26:42.305 [main] INFO  Settings were loaded from freerouting.json
2026-07-19 14:26:42.306 [main] ERROR 
No X11 DISPLAY variable was set,
or no headful library support was found,
but this program performed an operation which requires it.
java.awt.HeadlessException: 
No X11 DISPLAY variable was set,
or no headful library support was found,
but this program performed an operation which requires it.
	at sun.awt.HeadlessToolkit.getScreenSize(HeadlessToolkit.java:186) ~[?:?]
	at app.freerouting.gui.MainApplication.main(MainApplication.java:269) ~[freerouting-1.9.0.jar:unspecified]
2026-07-19 14:26:42.315 [main] ERROR Exception in FRAnalytics.trackAnonymousAction: Cannot invoke "app.freerouting.management.SegmentClient.track(String, String, String, app.freerouting.management.segment.Properties)" because "app.freerouting.management.FRAnalytics.analytics" is null
java.lang.NullPointerException: Cannot invoke "app.freerouting.management.SegmentClient.track(String, String, String, app.freerouting.management.segment.Properties)" because "app.freerouting.management.FRAnalytics.analytics" is null
	at app.freerouting.management.FRAnalytics.trackAnonymousAction(FRAnalytics.java:139) [freerouting-1.9.0.jar:unspecified]
	at app.freerouting.management.FRAnalytics.exceptionThrown(FRAnalytics.java:323) [freerouting-1.9.0.jar:unspecified]
	at app.freerouting.gui.DefaultExceptionHandler.handleException(DefaultExceptionHandler.java:15) [freerouting-1.9.0.jar:unspecified]
	at app.freerouting.gui.DefaultExceptionHandler.uncaughtException(DefaultExceptionHandler.java:29) [freerouting-1.9.0.jar:unspecified]
	at java.lang.ThreadGroup.uncaughtException(ThreadGroup.java:1082) [?:?]
	at java.lang.ThreadGroup.uncaughtException(ThreadGroup.java:1077) [?:?]
	at java.lang.Thread.dispatchUncaughtException(Thread.java:2017) [?:?]
2026-07-19 18:54:38.515 [main] INFO  Freerouting v1.9.0 (build-date: 2023-10-30)
2026-07-19 18:54:38.562 [main] INFO  Settings were loaded from freerouting.json
2026-07-19 18:54:38.564 [main] ERROR 
No X11 DISPLAY variable was set,
or no headful library support was found,
but this program performed an operation which requires it.
java.awt.HeadlessException: 
No X11 DISPLAY variable was set,
or no headful library support was found,
but this program performed an operation which requires it.
	at sun.awt.HeadlessToolkit.getScreenSize(HeadlessToolkit.java:186) ~[?:?]
	at app.freerouting.gui.MainApplication.main(MainApplication.java:269) ~[freerouting-1.9.0.jar:unspecified]
2026-07-19 18:54:38.579 [main] ERROR Exception in FRAnalytics.trackAnonymousAction: Cannot invoke "app.freerouting.management.SegmentClient.track(String, String, String, app.freerouting.management.segment.Properties)" because "app.freerouting.management.FRAnalytics.analytics" is null
java.lang.NullPointerException: Cannot invoke "app.freerouting.management.SegmentClient.track(String, String, String, app.freerouting.management.segment.Properties)" because "app.freerouting.management.FRAnalytics.analytics" is null
	at app.freerouting.management.FRAnalytics.trackAnonymousAction(FRAnalytics.java:139) [freerouting-1.9.0.jar:unspecified]
	at app.freerouting.management.FRAnalytics.exceptionThrown(FRAnalytics.java:323) [freerouting-1.9.0.jar:unspecified]
	at app.freerouting.gui.DefaultExceptionHandler.handleException(DefaultExceptionHandler.java:15) [freerouting-1.9.0.jar:unspecified]
	at app.freerouting.gui.DefaultExceptionHandler.uncaughtException(DefaultExceptionHandler.java:29) [freerouting-1.9.0.jar:unspecified]
	at java.lang.ThreadGroup.uncaughtException(ThreadGroup.java:1082) [?:?]
	at java.lang.ThreadGroup.uncaughtException(ThreadGroup.java:1077) [?:?]
	at java.lang.Thread.dispatchUncaughtException(Thread.java:2017) [?:?]
2026-07-19 18:55:33.119 [main] INFO  Freerouting v1.9.0 (build-date: 2023-10-30)
2026-07-19 18:55:33.151 [main] INFO  Settings were loaded from freerouting.json
2026-07-19 18:55:33.152 [main] ERROR 
No X11 DISPLAY variable was set,
or no headful library support was found,
but this program performed an operation which requires it.
java.awt.HeadlessException: 
No X11 DISPLAY variable was set,
or no headful library support was found,
but this program performed an operation which requires it.
	at sun.awt.HeadlessToolkit.getScreenSize(HeadlessToolkit.java:186) ~[?:?]
	at app.freerouting.gui.MainApplication.main(MainApplication.java:269) ~[freerouting-1.9.0.jar:unspecified]
2026-07-19 18:55:33.161 [main] ERROR Exception in FRAnalytics.trackAnonymousAction: Cannot invoke "app.freerouting.management.SegmentClient.track(String, String, String, app.freerouting.management.segment.Properties)" because "app.freerouting.management.FRAnalytics.analytics" is null
java.lang.NullPointerException: Cannot invoke "app.freerouting.management.SegmentClient.track(String, String, String, app.freerouting.management.segment.Properties)" because "app.freerouting.management.FRAnalytics.analytics" is null
	at app.freerouting.management.FRAnalytics.trackAnonymousAction(FRAnalytics.java:139) [freerouting-1.9.0.jar:unspecified]
	at app.freerouting.management.FRAnalytics.exceptionThrown(FRAnalytics.java:323) [freerouting-1.9.0.jar:unspecified]
	at app.freerouting.gui.DefaultExceptionHandler.handleException(DefaultExceptionHandler.java:15) [freerouting-1.9.0.jar:unspecified]
	at app.freerouting.gui.DefaultExceptionHandler.uncaughtException(DefaultExceptionHandler.java:29) [freerouting-1.9.0.jar:unspecified]
	at java.lang.ThreadGroup.uncaughtException(ThreadGroup.java:1082) [?:?]
	at java.lang.ThreadGroup.uncaughtException(ThreadGroup.java:1077) [?:?]
	at java.lang.Thread.dispatchUncaughtException(Thread.java:2017) [?:?]
2026-07-19 18:59:03.227 [main] INFO  Freerouting v1.9.0 (build-date: 2023-10-30)
2026-07-19 18:59:03.265 [main] INFO  Settings were loaded from freerouting.json
2026-07-19 19:20:21.274 [main] INFO  Freerouting v1.9.0 (build-date: 2023-10-30)
2026-07-19 19:20:21.304 [main] INFO  Settings were loaded from freerouting.json
2026-07-19 19:20:22.312 [main] INFO  Opening '/tmp/pcb-altium-current-20260719-1900/PCB1-current-j6-l3-v2.dsn'...
2026-07-19 19:20:24.907 [Thread-1] INFO  Starting auto-routing...
2026-07-19 19:20:25.283 [ForkJoinPool.commonPool-worker-1] INFO  New version available: v2.2.4
2026-07-19 19:20:25.319 [Thread-1] INFO  Auto-routing was completed in 0.41 seconds.
2026-07-19 19:20:25.420 [Thread-1] INFO  Starting route optimization on 1 thread...
2026-07-19 19:20:28.295 [Thread-1] INFO  Route optimization was completed in 2.87 seconds and it improved the design by ~0.35%.
2026-07-19 19:20:28.300 [Thread-1] INFO  Saving '/tmp/pcb-altium-current-20260719-1900/PCB1-current-j6-l3-routed-v2.ses'...
2026-07-20 01:00:23.299 [main] INFO  Freerouting v1.9.0 (build-date: 2023-10-30)
2026-07-20 01:00:23.331 [main] INFO  Settings were loaded from freerouting.json
2026-07-20 01:00:23.332 [main] ERROR 
No X11 DISPLAY variable was set,
or no headful library support was found,
but this program performed an operation which requires it.
java.awt.HeadlessException: 
No X11 DISPLAY variable was set,
or no headful library support was found,
but this program performed an operation which requires it.
	at sun.awt.HeadlessToolkit.getScreenSize(HeadlessToolkit.java:186) ~[?:?]
	at app.freerouting.gui.MainApplication.main(MainApplication.java:269) ~[freerouting-1.9.0.jar:unspecified]
2026-07-20 01:00:23.340 [main] ERROR Exception in FRAnalytics.trackAnonymousAction: Cannot invoke "app.freerouting.management.SegmentClient.track(String, String, String, app.freerouting.management.segment.Properties)" because "app.freerouting.management.FRAnalytics.analytics" is null
java.lang.NullPointerException: Cannot invoke "app.freerouting.management.SegmentClient.track(String, String, String, app.freerouting.management.segment.Properties)" because "app.freerouting.management.FRAnalytics.analytics" is null
	at app.freerouting.management.FRAnalytics.trackAnonymousAction(FRAnalytics.java:139) [freerouting-1.9.0.jar:unspecified]
	at app.freerouting.management.FRAnalytics.exceptionThrown(FRAnalytics.java:323) [freerouting-1.9.0.jar:unspecified]
	at app.freerouting.gui.DefaultExceptionHandler.handleException(DefaultExceptionHandler.java:15) [freerouting-1.9.0.jar:unspecified]
	at app.freerouting.gui.DefaultExceptionHandler.uncaughtException(DefaultExceptionHandler.java:29) [freerouting-1.9.0.jar:unspecified]
	at java.lang.ThreadGroup.uncaughtException(ThreadGroup.java:1082) [?:?]
	at java.lang.ThreadGroup.uncaughtException(ThreadGroup.java:1077) [?:?]
	at java.lang.Thread.dispatchUncaughtException(Thread.java:2017) [?:?]
